<?xml version="1.0" encoding="utf-8"?><testsuites name="pytest tests"><testsuite name="pytest" errors="0" failures="0" skipped="0" tests="10" time="37.834" timestamp="2026-02-08T21:46:21.716169+00:00" hostname="agent-env-83cc52ec-e49f-4204-8c51-b14260c262e6"><testcase classname="backend.tests.test_new_features.TestHealthAndBasicEndpoints" name="test_api_base_accessible" time="0.052" /><testcase classname="backend.tests.test_new_features.TestHealthAndBasicEndpoints" name="test_parse_simple_endpoint" time="0.034" /><testcase classname="backend.tests.test_new_features.TestAuthFlow" name="test_get_current_user" time="0.339" /><testcase classname="backend.tests.test_new_features.TestMatchScoreAPI" name="test_match_score_unauthorized" time="0.034" /><testcase classname="backend.tests.test_new_features.TestMatchScoreAPI" name="test_match_score_success" time="11.722" /><testcase classname="backend.tests.test_new_features.TestMatchScoreAPI" name="test_match_score_empty_input" time="4.641" /><testcase classname="backend.tests.test_new_features.TestRewriteResumeAPI" name="test_rewrite_resume_unauthorized" time="0.075" /><testcase classname="backend.tests.test_new_features.TestRewriteResumeAPI" name="test_rewrite_resume_success" time="20.542" /><testcase classname="backend.tests.test_new_features.TestResumeAndJDCRUD" name="test_create_and_list_resume" time="0.305" /><testcase classname="backend.tests.test_new_features.TestResumeAndJDCRUD" name="test_create_and_list_jd" time="0.020" /></testsuite></testsuites>